prog -> (-1, -1)
{ -> (-1, -1)
n -> (16, 0)
( -> (-1, -1)
int -> (-1, -1)
) -> (-1, -1)
, -> (-1, -1)
number -> (38, 0)
( -> (-1, -1)
int -> (-1, -1)
) -> (-1, -1)
; -> (-1, -1)
print -> (-1, -1)
( -> (-1, -1)
str const -> (11, 0)
) -> (-1, -1)
; -> (-1, -1)
read -> (-1, -1)
( -> (-1, -1)
n -> (16, 0)
) -> (-1, -1)
; -> (-1, -1)
sum -> (12, 0)
( -> (-1, -1)
int -> (-1, -1)
) -> (-1, -1)
= -> (-1, -1)
int const -> (0, 0)
; -> (-1, -1)
index -> (19, 0)
( -> (-1, -1)
int -> (-1, -1)
) -> (-1, -1)
= -> (-1, -1)
int const -> (1, 0)
; -> (-1, -1)
while -> (-1, -1)
index -> (19, 0)
< -> (-1, -1)
= -> (-1, -1)
n -> (16, 0)
{ -> (-1, -1)
read -> (-1, -1)
( -> (-1, -1)
number -> (38, 0)
) -> (-1, -1)
; -> (-1, -1)
sum -> (12, 0)
= -> (-1, -1)
sum -> (12, 0)
+ -> (-1, -1)
number -> (38, 0)
; -> (-1, -1)
} -> (-1, -1)
print -> (-1, -1)
( -> (-1, -1)
str const -> (42, 0)
) -> (-1, -1)
; -> (-1, -1)
print -> (-1, -1)
( -> (-1, -1)
sum -> (12, 0)
) -> (-1, -1)
; -> (-1, -1)
} -> (-1, -1)
